2024-11-13 13:54:24
{"view":{"page":"partner","id":"26","lang":"it","UniqueID":"1cf9a6d6-9a5c-443d-b3c3-fb1ac54b8ee9"},"deviceInfo":{"model":"RMX3363","osName":"Android","osVersion":"13"}}
2024-11-13 14:24:01
{"view":{"page":"comune","id":"13","lang":"it","UniqueID":"1cf9a6d6-9a5c-443d-b3c3-fb1ac54b8ee9"},"deviceInfo":{"model":"RMX3363","osName":"Android","osVersion":"13"}}
2024-11-13 14:24:01
{"view":{"page":"comune","id":"13","lang":"it","UniqueID":"1cf9a6d6-9a5c-443d-b3c3-fb1ac54b8ee9"},"deviceInfo":{"model":"RMX3363","osName":"Android","osVersion":"13"}}
2024-11-13 14:24:01
{"view":{"page":"comune","id":"13","lang":"it","UniqueID":"1cf9a6d6-9a5c-443d-b3c3-fb1ac54b8ee9"},"deviceInfo":{"model":"RMX3363","osName":"Android","osVersion":"13"}}
2024-11-13 14:24:01
{"view":{"page":"comune","id":"13","lang":"it","UniqueID":"1cf9a6d6-9a5c-443d-b3c3-fb1ac54b8ee9"},"deviceInfo":{"model":"RMX3363","osName":"Android","osVersion":"13"}}
2024-11-13 14:47:01
{"view":{"page":"partner","id":"66","lang":"it","UniqueID":"f30dadfa-9fa8-43df-b629-6aa5a7d0474a"},"deviceInfo":{"model":"moto e32(s)","osName":"motorola/hawaiipl_ge/hawaiipl:12/STB32.36-102/102:user/release-keys","osVersion":"12"}}
2024-11-14 15:40:38
{"view":{"page":"tour","id":"25","lang":"it","UniqueID":"81a9b24f-2eb6-4fd2-9924-2ecdea5b64d9"},"deviceInfo":{"model":"Simulator iOS","osName":"iOS","osVersion":"18.1"}}
2024-11-14 15:40:45
{"view":{"page":"tour","id":"16","lang":"it","UniqueID":"81a9b24f-2eb6-4fd2-9924-2ecdea5b64d9"},"deviceInfo":{"model":"Simulator iOS","osName":"iOS","osVersion":"18.1"}}
2024-11-14 15:41:25
{"view":{"page":"tour","id":"28","lang":"it","UniqueID":"81a9b24f-2eb6-4fd2-9924-2ecdea5b64d9"},"deviceInfo":{"model":"Simulator iOS","osName":"iOS","osVersion":"18.1"}}
2024-11-15 00:07:20
{"view":{"page":"tour","id":"9","lang":"it","UniqueID":"efb570ac-b839-4a80-b40f-19305c1a4972"},"deviceInfo":{"model":"iPhone 13 Pro","osName":"iOS","osVersion":"17.6.1"}}
2024-11-15 00:07:47
{"view":{"page":"tour","id":"2","lang":"it","UniqueID":"efb570ac-b839-4a80-b40f-19305c1a4972"},"deviceInfo":{"model":"iPhone 13 Pro","osName":"iOS","osVersion":"17.6.1"}}
2024-11-15 00:08:12
{"view":{"page":"tour","id":"27","lang":"it","UniqueID":"efb570ac-b839-4a80-b40f-19305c1a4972"},"deviceInfo":{"model":"iPhone 13 Pro","osName":"iOS","osVersion":"17.6.1"}}
2024-11-15 10:59:51
{"view":{"page":"tour","id":"15","lang":"it","UniqueID":"cfe1bef5-7b21-4d34-a1d9-4150e837856f"},"deviceInfo":{"model":"iPhone 14 Pro Max","osName":"iOS","osVersion":"17.6.1"}}
2024-11-15 13:47:39
{"view":{"page":"tour","id":"53","lang":"en","UniqueID":"fcee2c93-c2b1-49fc-98f7-06cbfc1390d2"},"deviceInfo":{"model":"iPhone 12 Pro Max","osName":"iOS","osVersion":"17.6.1"}}
2024-11-15 17:52:59
{"view":{"page":"partner","id":"17","lang":"it","UniqueID":"1cf9a6d6-9a5c-443d-b3c3-fb1ac54b8ee9"},"deviceInfo":{"model":"RMX3363","osName":"Android","osVersion":"13"}}
2024-11-15 17:53:00
{"view":{"page":"partner","id":"17","lang":"it","UniqueID":"1cf9a6d6-9a5c-443d-b3c3-fb1ac54b8ee9"},"deviceInfo":{"model":"RMX3363","osName":"Android","osVersion":"13"}}
2024-11-15 17:53:06
{"view":{"page":"partner","id":"66","lang":"it","UniqueID":"1cf9a6d6-9a5c-443d-b3c3-fb1ac54b8ee9"},"deviceInfo":{"model":"RMX3363","osName":"Android","osVersion":"13"}}
2024-11-15 17:53:11
{"view":{"page":"tour","id":"9","lang":"it","UniqueID":"1cf9a6d6-9a5c-443d-b3c3-fb1ac54b8ee9"},"deviceInfo":{"model":"RMX3363","osName":"Android","osVersion":"13"}}
2024-11-15 17:53:52
{"view":{"page":"tour","id":"9","lang":"it","UniqueID":"1cf9a6d6-9a5c-443d-b3c3-fb1ac54b8ee9"},"deviceInfo":{"model":"RMX3363","osName":"Android","osVersion":"13"}}
2024-11-15 20:51:18
{"view":{"page":"struttura","id":"19","lang":"it","UniqueID":"fcee2c93-c2b1-49fc-98f7-06cbfc1390d2"},"deviceInfo":{"model":"iPhone 12 Pro Max","osName":"iOS","osVersion":"17.6.1"}}
2024-11-15 23:53:41
{"view":{"page":"comune","id":"11","lang":"it","UniqueID":"d58d19d3-4b8a-4d9a-9c63-12084559427e"},"deviceInfo":{"model":"sdk_gphone64_x86_64","osName":"Android","osVersion":"15"}}
2024-11-15 23:53:42
{"view":{"page":"comune","id":"11","lang":"it","UniqueID":"d58d19d3-4b8a-4d9a-9c63-12084559427e"},"deviceInfo":{"model":"sdk_gphone64_x86_64","osName":"Android","osVersion":"15"}}
2024-11-15 23:53:43
{"view":{"page":"comune","id":"11","lang":"it","UniqueID":"d58d19d3-4b8a-4d9a-9c63-12084559427e"},"deviceInfo":{"model":"sdk_gphone64_x86_64","osName":"Android","osVersion":"15"}}
2024-11-15 23:53:43
{"view":{"page":"comune","id":"11","lang":"it","UniqueID":"d58d19d3-4b8a-4d9a-9c63-12084559427e"},"deviceInfo":{"model":"sdk_gphone64_x86_64","osName":"Android","osVersion":"15"}}
2024-11-16 00:18:02
{"view":{"page":"partner","id":"31","lang":"it","UniqueID":"d58d19d3-4b8a-4d9a-9c63-12084559427e"},"deviceInfo":{"model":"sdk_gphone64_x86_64","osName":"Android","osVersion":"15"}}
2024-11-16 00:23:48
{"view":{"page":"partner","id":"36","lang":"it","UniqueID":"d58d19d3-4b8a-4d9a-9c63-12084559427e"},"deviceInfo":{"model":"sdk_gphone64_x86_64","osName":"Android","osVersion":"15"}}
2024-11-16 11:51:50
{"view":{"page":"tour","id":"9","lang":"it","UniqueID":"efb570ac-b839-4a80-b40f-19305c1a4972"},"deviceInfo":{"model":"iPhone 13 Pro","osName":"iOS","osVersion":"17.6.1"}}
2024-11-16 11:52:37
{"view":{"page":"tour","id":"48","lang":"it","UniqueID":"efb570ac-b839-4a80-b40f-19305c1a4972"},"deviceInfo":{"model":"iPhone 13 Pro","osName":"iOS","osVersion":"17.6.1"}}
2024-11-16 19:11:26
{"view":{"page":"tour","id":"1","lang":"it","UniqueID":"1bc46377-65de-427a-8cfa-755ece0b5773"},"deviceInfo":{"model":"2201117SY","osName":"Android","osVersion":"11"}}
2024-11-16 19:12:00
{"view":{"page":"tour","id":"16","lang":"it","UniqueID":"1bc46377-65de-427a-8cfa-755ece0b5773"},"deviceInfo":{"model":"2201117SY","osName":"Android","osVersion":"11"}}
2024-11-16 19:12:00
{"view":{"page":"tour","id":"16","lang":"it","UniqueID":"1bc46377-65de-427a-8cfa-755ece0b5773"},"deviceInfo":{"model":"2201117SY","osName":"Android","osVersion":"11"}}
2024-11-16 19:13:22
{"view":{"page":"guida","id":"12","lang":"it","UniqueID":"1bc46377-65de-427a-8cfa-755ece0b5773"},"deviceInfo":{"model":"2201117SY","osName":"Android","osVersion":"11"}}
2024-11-16 19:13:36
{"view":{"page":"guida","id":"13","lang":"it","UniqueID":"1bc46377-65de-427a-8cfa-755ece0b5773"},"deviceInfo":{"model":"2201117SY","osName":"Android","osVersion":"11"}}
2024-11-16 19:15:29
{"view":{"page":"guida","id":"3","lang":"it","UniqueID":"1bc46377-65de-427a-8cfa-755ece0b5773"},"deviceInfo":{"model":"2201117SY","osName":"Android","osVersion":"11"}}
2024-11-16 19:15:51
{"view":{"page":"guida","id":"19","lang":"it","UniqueID":"1bc46377-65de-427a-8cfa-755ece0b5773"},"deviceInfo":{"model":"2201117SY","osName":"Android","osVersion":"11"}}
2024-11-16 19:15:58
{"view":{"page":"guida","id":"14","lang":"it","UniqueID":"1bc46377-65de-427a-8cfa-755ece0b5773"},"deviceInfo":{"model":"2201117SY","osName":"Android","osVersion":"11"}}
2024-11-16 19:16:43
{"view":{"page":"partner","id":"23","lang":"it","UniqueID":"1bc46377-65de-427a-8cfa-755ece0b5773"},"deviceInfo":{"model":"2201117SY","osName":"Android","osVersion":"11"}}
2024-11-17 11:50:19
{"view":{"page":"tour","id":"6","lang":"it","UniqueID":"81a9b24f-2eb6-4fd2-9924-2ecdea5b64d9"},"deviceInfo":{"model":"Simulator iOS","osName":"iOS","osVersion":"18.1"}}
2024-11-17 11:56:06
{"view":{"page":"tour","id":"6","lang":"it","UniqueID":"81a9b24f-2eb6-4fd2-9924-2ecdea5b64d9"},"deviceInfo":{"model":"Simulator iOS","osName":"iOS","osVersion":"18.1"}}
2024-11-17 11:59:10
{"view":{"page":"tour","id":"9","lang":"it","UniqueID":"81a9b24f-2eb6-4fd2-9924-2ecdea5b64d9"},"deviceInfo":{"model":"Simulator iOS","osName":"iOS","osVersion":"18.1"}}
2024-11-18 14:35:28
{"view":{"page":"tour","id":"2","lang":"it","UniqueID":"9b8c1687-7e19-411b-8f92-31b8c0476b00"},"deviceInfo":{"model":"iPhone 13","osName":"iOS","osVersion":"17.6.1"}}
2024-11-18 14:35:43
{"view":{"page":"tour","id":"28","lang":"it","UniqueID":"9b8c1687-7e19-411b-8f92-31b8c0476b00"},"deviceInfo":{"model":"iPhone 13","osName":"iOS","osVersion":"17.6.1"}}
2024-11-18 16:53:07
{"view":{"page":"tour","id":"15","lang":"it","UniqueID":"0116a3ca-cd7c-4ecd-9e27-4400582e52e8"},"deviceInfo":{"model":"SM-A528B","osName":"samsung/a52sxqeea/a52sxq:14/UP1A.231005.007/A528BXXU5FWK4:user/release-keys","osVersion":"14"}}
2024-11-18 16:53:53
{"view":{"page":"tour","id":"18","lang":"it","UniqueID":"0116a3ca-cd7c-4ecd-9e27-4400582e52e8"},"deviceInfo":{"model":"SM-A528B","osName":"samsung/a52sxqeea/a52sxq:14/UP1A.231005.007/A528BXXU5FWK4:user/release-keys","osVersion":"14"}}
2024-11-19 09:36:54
{"view":{"page":"tour","id":"15","lang":"it","UniqueID":"81a9b24f-2eb6-4fd2-9924-2ecdea5b64d9"},"deviceInfo":{"model":"Simulator iOS","osName":"iOS","osVersion":"18.1"}}
2024-11-19 15:45:09
{"view":{"page":"tour","id":"44","lang":"it","UniqueID":"46af4e43-a1b0-4ca6-8dcd-a313a33814bf"},"deviceInfo":{"model":"iPhone 12 Pro Max","osName":"iOS","osVersion":"18.1"}}
2024-11-19 15:57:51
{"view":{"page":"comune","id":"18","lang":"it","UniqueID":"071095ee-c807-4ba7-a015-13463ae6d1fd"},"deviceInfo":{"model":"iPhone 12","osName":"iOS","osVersion":"17.6.1"}}
2024-11-19 15:57:51
{"view":{"page":"comune","id":"18","lang":"it","UniqueID":"071095ee-c807-4ba7-a015-13463ae6d1fd"},"deviceInfo":{"model":"iPhone 12","osName":"iOS","osVersion":"17.6.1"}}
2024-11-19 15:57:53
{"view":{"page":"comune","id":"18","lang":"it","UniqueID":"071095ee-c807-4ba7-a015-13463ae6d1fd"},"deviceInfo":{"model":"iPhone 12","osName":"iOS","osVersion":"17.6.1"}}
2024-11-19 15:57:53
{"view":{"page":"comune","id":"18","lang":"it","UniqueID":"071095ee-c807-4ba7-a015-13463ae6d1fd"},"deviceInfo":{"model":"iPhone 12","osName":"iOS","osVersion":"17.6.1"}}
2024-11-21 16:31:45
{"view":{"page":"tour","id":"9","lang":"it","UniqueID":"1cf9a6d6-9a5c-443d-b3c3-fb1ac54b8ee9"},"deviceInfo":{"model":"RMX3363","osName":"Android","osVersion":"13"}}
2024-11-21 16:32:07
{"view":{"page":"tour","id":"9","lang":"it","UniqueID":"1cf9a6d6-9a5c-443d-b3c3-fb1ac54b8ee9"},"deviceInfo":{"model":"RMX3363","osName":"Android","osVersion":"13"}}
